<?xml version="1.0" encoding="UTF-8"?>
<testng-results skipped="0" failed="0" total="1" passed="1">
  <reporter-output>
  </reporter-output>
  <suite name="Default suite" duration-ms="32" started-at="2019-08-18T09:05:23Z" finished-at="2019-08-18T09:05:23Z">
    <groups>
    </groups>
    <test name="Default test" duration-ms="32" started-at="2019-08-18T09:05:23Z" finished-at="2019-08-18T09:05:23Z">
      <class name="com.mmt.DataDriven.MyTest">
        <test-method status="PASS" signature="myText()[pri:0, instance:com.mmt.DataDriven.MyTest@129a8472]" name="myText" is-config="true" duration-ms="16" started-at="2019-08-18T14:35:23Z" finished-at="2019-08-18T14:35:23Z">
          <reporter-output>
          </reporter-output>
        </test-method> <!-- myText -->
        <test-method status="PASS" signature="baseURL()[pri:0, instance:com.mmt.DataDriven.MyTest@129a8472]" name="baseURL" duration-ms="16" started-at="2019-08-18T14:35:23Z" finished-at="2019-08-18T14:35:23Z">
          <reporter-output>
          </reporter-output>
        </test-method> <!-- baseURL -->
      </class> <!-- com.mmt.DataDriven.MyTest -->
    </test> <!-- Default test -->
  </suite> <!-- Default suite -->
</testng-results>
